<?xml version="1.0" encoding="UTF-8"?>
<!-- Generated by org.testng.reporters.JUnitReportReporter -->
<testsuite hostname="HMS-QA-Jayentdra" name="com.hotelogix.AutomationFramework.test.admin.General.DefaultSettings.DefaultSettings" tests="1" failures="0" timestamp="25 Aug 2017 08:37:03 GMT" time="10.669" errors="0">
  <testcase name="fn_DefaultSetting" time="10.669" classname="com.hotelogix.AutomationFramework.test.admin.General.DefaultSettings.DefaultSettings"/>
</testsuite> <!-- com.hotelogix.AutomationFramework.test.admin.General.DefaultSettings.DefaultSettings -->
