<?xml version="1.0" encoding="UTF-8"?>
<!-- Generated by org.testng.reporters.JUnitReportReporter -->
<testsuite hostname="HMS-QA-Jayentdra" name="com.hotelogix.AutomationFramework.test.admin.PriceManager.PackageMaster.PackageMasterTest" tests="1" failures="0" timestamp="31 Aug 2017 12:34:43 GMT" time="66.075" errors="0">
  <testcase name="fn_addPackage" time="66.075" classname="com.hotelogix.AutomationFramework.test.admin.PriceManager.PackageMaster.PackageMasterTest"/>
</testsuite> <!-- com.hotelogix.AutomationFramework.test.admin.PriceManager.PackageMaster.PackageMasterTest -->
